<?xml version="1.0" encoding="utf-8"?>
<log version="1.0" tool="runtool">

<msg id="1" tool="runtool">
  <type>log-start</type>
  <arg>2017/07/06 18:29:26</arg>
</msg>
<msg id="2" tool="runtool">
  <type>collector-starts</type>
</msg>
<msg id="3" tool="runtool">
  <type>marker-file</type>
  <arg>/home/AstroVPK/Documents/sfComp/e000/trc000/trc000.advixe</arg>
</msg>
<msg id="4" tool="trc">
  <type>ProcessStart</type>
  <arg>/home/AstroVPK/code/intelShootout/c++/sfComp/sfComp</arg>
  <arg>26642</arg>
  <severity>INFO</severity>
  <timestamp>Thu Jul  6 18:29:27 2017</timestamp>
</msg>
<msg id="5" tool="trc">
  <type>ProcessAnalysisMode</type>
  <arg>full</arg>
  <severity>INFO</severity>
  <timestamp>Thu Jul  6 18:29:27 2017</timestamp>
</msg>
<msg id="6" tool="trc">
  <type>LoadModule</type>
  <arg>/home/AstroVPK/code/intelShootout/c++/sfComp/sfComp</arg>
  <arg>0x400000</arg>
  <arg>0x6157df</arg>
  <severity>INFO</severity>
  <timestamp>Thu Jul  6 18:29:27 2017</timestamp>
</msg>
<msg id="7" tool="trc">
  <type>LoadModule</type>
  <arg>/lib64/ld-linux-x86-64.so.2</arg>
  <arg>0x7fdac2b3d000</arg>
  <arg>0x7fdac2d5f14f</arg>
  <severity>INFO</severity>
  <timestamp>Thu Jul  6 18:29:27 2017</timestamp>
</msg>
<msg id="8" tool="trc">
  <type>LoadModule</type>
  <arg>[vdso]</arg>
  <arg>0x7ffd5475e000</arg>
  <arg>0x7ffd5475efdc</arg>
  <severity>INFO</severity>
  <timestamp>Thu Jul  6 18:29:27 2017</timestamp>
</msg>
<msg id="9" tool="trc">
  <type>LoadModule</type>
  <arg>/lib64/libm.so.6</arg>
  <arg>0x7fdaae17d000</arg>
  <arg>0x7fdaae47e147</arg>
  <severity>INFO</severity>
  <timestamp>Thu Jul  6 18:29:28 2017</timestamp>
</msg>
<msg id="10" tool="trc">
  <type>LoadModule</type>
  <arg>/opt/intel/compilers_and_libraries_2017.4.196/linux/compiler/lib/intel64/libiomp5.so</arg>
  <arg>0x7fdaaddb8000</arg>
  <arg>0x7fdaae15b9bf</arg>
  <severity>INFO</severity>
  <timestamp>Thu Jul  6 18:29:28 2017</timestamp>
</msg>
<msg id="11" tool="trc">
  <type>LoadModule</type>
  <arg>/lib64/libmemkind.so.0</arg>
  <arg>0x7fdaadb61000</arg>
  <arg>0x7fdaaddb7a07</arg>
  <severity>INFO</severity>
  <timestamp>Thu Jul  6 18:29:28 2017</timestamp>
</msg>
<msg id="12" tool="trc">
  <type>LoadModule</type>
  <arg>/lib64/libstdc++.so.6</arg>
  <arg>0x7fdaad858000</arg>
  <arg>0x7fdaadb6041f</arg>
  <severity>INFO</severity>
  <timestamp>Thu Jul  6 18:29:28 2017</timestamp>
</msg>
<msg id="13" tool="trc">
  <type>LoadModule</type>
  <arg>/lib64/libgcc_s.so.1</arg>
  <arg>0x7fdaad642000</arg>
  <arg>0x7fdaad8573ff</arg>
  <severity>INFO</severity>
  <timestamp>Thu Jul  6 18:29:28 2017</timestamp>
</msg>
<msg id="14" tool="trc">
  <type>LoadModule</type>
  <arg>/lib64/libpthread.so.0</arg>
  <arg>0x7fdaad426000</arg>
  <arg>0x7fdaad64145f</arg>
  <severity>INFO</severity>
  <timestamp>Thu Jul  6 18:29:28 2017</timestamp>
</msg>
<msg id="15" tool="trc">
  <type>LoadModule</type>
  <arg>/lib64/libc.so.6</arg>
  <arg>0x7fdaad065000</arg>
  <arg>0x7fdaad4251ff</arg>
  <severity>INFO</severity>
  <timestamp>Thu Jul  6 18:29:28 2017</timestamp>
</msg>
<msg id="16" tool="trc">
  <type>LoadModule</type>
  <arg>/lib64/libdl.so.2</arg>
  <arg>0x7fdaace61000</arg>
  <arg>0x7fdaad06412f</arg>
  <severity>INFO</severity>
  <timestamp>Thu Jul  6 18:29:28 2017</timestamp>
</msg>
<msg id="17" tool="trc">
  <type>LoadModule</type>
  <arg>/lib64/libnuma.so.1</arg>
  <arg>0x7fdaacc3d000</arg>
  <arg>0x7fdaace488e7</arg>
  <severity>INFO</severity>
  <timestamp>Thu Jul  6 18:29:28 2017</timestamp>
</msg>
<msg id="18" tool="trc">
  <type>LoadModule</type>
  <arg>/opt/intel/advisor_2017.1.3.510716/lib64/runtime/libittnotify.so</arg>
  <arg>0x7fdaab50f000</arg>
  <arg>0x7fdaab71a89f</arg>
  <severity>INFO</severity>
  <timestamp>Thu Jul  6 18:29:31 2017</timestamp>
</msg>
<msg id="19" tool="trc">
  <type>UnloadModule</type>
  <arg>/home/AstroVPK/code/intelShootout/c++/sfComp/sfComp</arg>
  <severity>INFO</severity>
  <timestamp>Thu Jul  6 18:31:41 2017</timestamp>
</msg>
<msg id="20" tool="trc">
  <type>UnloadModule</type>
  <arg>/lib64/ld-linux-x86-64.so.2</arg>
  <severity>INFO</severity>
  <timestamp>Thu Jul  6 18:31:41 2017</timestamp>
</msg>
<msg id="21" tool="trc">
  <type>UnloadModule</type>
  <arg>[vdso]</arg>
  <severity>INFO</severity>
  <timestamp>Thu Jul  6 18:31:41 2017</timestamp>
</msg>
<msg id="22" tool="trc">
  <type>UnloadModule</type>
  <arg>/lib64/libm.so.6</arg>
  <severity>INFO</severity>
  <timestamp>Thu Jul  6 18:31:41 2017</timestamp>
</msg>
<msg id="23" tool="trc">
  <type>UnloadModule</type>
  <arg>/opt/intel/compilers_and_libraries_2017.4.196/linux/compiler/lib/intel64/libiomp5.so</arg>
  <severity>INFO</severity>
  <timestamp>Thu Jul  6 18:31:41 2017</timestamp>
</msg>
<msg id="24" tool="trc">
  <type>UnloadModule</type>
  <arg>/lib64/libmemkind.so.0</arg>
  <severity>INFO</severity>
  <timestamp>Thu Jul  6 18:31:41 2017</timestamp>
</msg>
<msg id="25" tool="trc">
  <type>UnloadModule</type>
  <arg>/lib64/libstdc++.so.6</arg>
  <severity>INFO</severity>
  <timestamp>Thu Jul  6 18:31:41 2017</timestamp>
</msg>
<msg id="26" tool="trc">
  <type>UnloadModule</type>
  <arg>/lib64/libgcc_s.so.1</arg>
  <severity>INFO</severity>
  <timestamp>Thu Jul  6 18:31:41 2017</timestamp>
</msg>
<msg id="27" tool="trc">
  <type>UnloadModule</type>
  <arg>/lib64/libpthread.so.0</arg>
  <severity>INFO</severity>
  <timestamp>Thu Jul  6 18:31:41 2017</timestamp>
</msg>
<msg id="28" tool="trc">
  <type>UnloadModule</type>
  <arg>/lib64/libc.so.6</arg>
  <severity>INFO</severity>
  <timestamp>Thu Jul  6 18:31:41 2017</timestamp>
</msg>
<msg id="29" tool="trc">
  <type>UnloadModule</type>
  <arg>/lib64/libdl.so.2</arg>
  <severity>INFO</severity>
  <timestamp>Thu Jul  6 18:31:41 2017</timestamp>
</msg>
<msg id="30" tool="trc">
  <type>UnloadModule</type>
  <arg>/lib64/libnuma.so.1</arg>
  <severity>INFO</severity>
  <timestamp>Thu Jul  6 18:31:41 2017</timestamp>
</msg>
<msg id="31" tool="trc">
  <type>UnloadModule</type>
  <arg>/opt/intel/advisor_2017.1.3.510716/lib64/runtime/libittnotify.so</arg>
  <severity>INFO</severity>
  <timestamp>Thu Jul  6 18:31:41 2017</timestamp>
</msg>
<msg id="32" tool="trc">
  <type>ProcessFinish</type>
  <arg>/home/AstroVPK/code/intelShootout/c++/sfComp/sfComp</arg>
  <arg>26642</arg>
  <arg>0x0</arg>
  <severity>INFO</severity>
  <timestamp>Thu Jul  6 18:31:41 2017</timestamp>
</msg>
<msg id="33" tool="runtool">
  <type>app-exit-code</type>
  <arg>0</arg>
</msg>
<msg id="34" tool="runtool">
  <type>marker-file</type>
  <arg>/home/AstroVPK/Documents/sfComp/e000/trc000/trc000.advixe</arg>
</msg>
<msg id="35" tool="runtool">
  <type>collector-done</type>
</msg>
<msg id="36" tool="runtool">
  <type>log-end</type>
  <arg>2017/07/06 18:31:45</arg>
</msg>

</log>

