<?xml version="1.0" encoding="utf-8"?>
<log version="1.0" tool="runtool">

<msg id="1" tool="runtool">
  <type>log-start</type>
  <arg>2017/07/06 17:48:38</arg>
</msg>
<msg id="2" tool="runtool">
  <type>collector-starts</type>
</msg>
<msg id="3" tool="runtool">
  <type>marker-file</type>
  <arg>/home/AstroVPK/Documents/sfComp/e000/mp000/mp000.advixe</arg>
</msg>
<msg id="4" tool="tc">
  <type>START</type>
  <severity>INFO</severity>
  <timestamp>Thu Jul  6 17:48:38 2017</timestamp>
</msg>
<msg id="5" tool="tc">
  <type>EXEC_OF_INTEREST</type>
  <arg>/home/AstroVPK/code/intelShootout/c++/sfComp/sfComp</arg>
  <arg>23904</arg>
  <severity>INFO</severity>
  <timestamp>Thu Jul  6 17:48:38 2017</timestamp>
</msg>
<msg id="6" tool="tc">
  <type>LOAD_MODULE</type>
  <arg>/home/AstroVPK/code/intelShootout/c++/sfComp/sfComp</arg>
  <arg>0x400000</arg>
  <arg>0x6157df</arg>
  <severity>INFO</severity>
  <timestamp>Thu Jul  6 17:48:38 2017</timestamp>
</msg>
<msg id="7" tool="tc">
  <type>LOAD_MODULE</type>
  <arg>/lib64/ld-linux-x86-64.so.2</arg>
  <arg>0x7f73dce09000</arg>
  <arg>0x7f73dd02b14f</arg>
  <severity>INFO</severity>
  <timestamp>Thu Jul  6 17:48:38 2017</timestamp>
</msg>
<msg id="8" tool="tc">
  <type>LOAD_MODULE</type>
  <arg>[vdso]</arg>
  <arg>0x7fff98723000</arg>
  <arg>0x7fff98723fdc</arg>
  <severity>INFO</severity>
  <timestamp>Thu Jul  6 17:48:38 2017</timestamp>
</msg>
<msg id="9" tool="tc">
  <type>LOAD_MODULE</type>
  <arg>/lib64/libm.so.6</arg>
  <arg>0x7f73c831b000</arg>
  <arg>0x7f73c861c147</arg>
  <severity>INFO</severity>
  <timestamp>Thu Jul  6 17:48:40 2017</timestamp>
</msg>
<msg id="10" tool="tc">
  <type>LOAD_MODULE</type>
  <arg>/opt/intel/compilers_and_libraries_2017.4.196/linux/compiler/lib/intel64/libiomp5.so</arg>
  <arg>0x7f73c7ee9000</arg>
  <arg>0x7f73c828c9bf</arg>
  <severity>INFO</severity>
  <timestamp>Thu Jul  6 17:48:40 2017</timestamp>
</msg>
<msg id="11" tool="tc">
  <type>LOAD_MODULE</type>
  <arg>/lib64/libmemkind.so.0</arg>
  <arg>0x7f73c7c92000</arg>
  <arg>0x7f73c7ee8a07</arg>
  <severity>INFO</severity>
  <timestamp>Thu Jul  6 17:48:40 2017</timestamp>
</msg>
<msg id="12" tool="tc">
  <type>LOAD_MODULE</type>
  <arg>/lib64/libstdc++.so.6</arg>
  <arg>0x7f73c7989000</arg>
  <arg>0x7f73c7c9141f</arg>
  <severity>INFO</severity>
  <timestamp>Thu Jul  6 17:48:40 2017</timestamp>
</msg>
<msg id="13" tool="tc">
  <type>LOAD_MODULE</type>
  <arg>/lib64/libgcc_s.so.1</arg>
  <arg>0x7f73c7773000</arg>
  <arg>0x7f73c79883ff</arg>
  <severity>INFO</severity>
  <timestamp>Thu Jul  6 17:48:41 2017</timestamp>
</msg>
<msg id="14" tool="tc">
  <type>LOAD_MODULE</type>
  <arg>/lib64/libpthread.so.0</arg>
  <arg>0x7f73c7557000</arg>
  <arg>0x7f73c777245f</arg>
  <severity>INFO</severity>
  <timestamp>Thu Jul  6 17:48:41 2017</timestamp>
</msg>
<msg id="15" tool="tc">
  <type>LOAD_MODULE</type>
  <arg>/lib64/libc.so.6</arg>
  <arg>0x7f73c7196000</arg>
  <arg>0x7f73c75561ff</arg>
  <severity>INFO</severity>
  <timestamp>Thu Jul  6 17:48:41 2017</timestamp>
</msg>
<msg id="16" tool="tc">
  <type>LOAD_MODULE</type>
  <arg>/lib64/libdl.so.2</arg>
  <arg>0x7f73c6f92000</arg>
  <arg>0x7f73c719512f</arg>
  <severity>INFO</severity>
  <timestamp>Thu Jul  6 17:48:41 2017</timestamp>
</msg>
<msg id="17" tool="tc">
  <type>LOAD_MODULE</type>
  <arg>/lib64/libnuma.so.1</arg>
  <arg>0x7f73c6d86000</arg>
  <arg>0x7f73c6f918e7</arg>
  <severity>INFO</severity>
  <timestamp>Thu Jul  6 17:48:41 2017</timestamp>
</msg>
<msg id="18" tool="tc">
  <type>LOAD_MODULE</type>
  <arg>/opt/intel/advisor_2017.1.3.510716/lib64/runtime/libittnotify.so</arg>
  <arg>0x7f73c45f4000</arg>
  <arg>0x7f73c47ff89f</arg>
  <severity>INFO</severity>
  <timestamp>Thu Jul  6 17:48:47 2017</timestamp>
</msg>
<msg id="19" tool="tc">
  <type>TOO_FEW_ITERATIONS</type>
  <arg>loop_site_22</arg>
  <arg>0</arg>
  <severity>WARNING</severity>
  <timestamp>Thu Jul  6 17:49:01 2017</timestamp>
</msg>
<msg id="20" tool="tc">
  <type>BAD_ANNOTATION</type>
  <arg>0x14</arg>
  <arg>0x16</arg>
  <severity>WARNING</severity>
  <timestamp>Thu Jul  6 17:49:34 2017</timestamp>
</msg>
<msg id="21" tool="tc">
  <type>BAD_ANNOTATION</type>
  <arg>0x16</arg>
  <arg>0x17</arg>
  <severity>WARNING</severity>
  <timestamp>Thu Jul  6 17:49:35 2017</timestamp>
</msg>
<msg id="22" tool="tc">
  <type>BAD_ANNOTATION</type>
  <arg>0x17</arg>
  <arg>0x19</arg>
  <severity>WARNING</severity>
  <timestamp>Thu Jul  6 17:50:04 2017</timestamp>
</msg>
<msg id="23" tool="tc">
  <type>UNLOAD_MODULE</type>
  <arg>/home/AstroVPK/code/intelShootout/c++/sfComp/sfComp</arg>
  <severity>INFO</severity>
  <timestamp>Thu Jul  6 17:51:50 2017</timestamp>
</msg>
<msg id="24" tool="tc">
  <type>UNLOAD_MODULE</type>
  <arg>/lib64/ld-linux-x86-64.so.2</arg>
  <severity>INFO</severity>
  <timestamp>Thu Jul  6 17:51:50 2017</timestamp>
</msg>
<msg id="25" tool="tc">
  <type>UNLOAD_MODULE</type>
  <arg>[vdso]</arg>
  <severity>INFO</severity>
  <timestamp>Thu Jul  6 17:51:50 2017</timestamp>
</msg>
<msg id="26" tool="tc">
  <type>UNLOAD_MODULE</type>
  <arg>/lib64/libm.so.6</arg>
  <severity>INFO</severity>
  <timestamp>Thu Jul  6 17:51:50 2017</timestamp>
</msg>
<msg id="27" tool="tc">
  <type>UNLOAD_MODULE</type>
  <arg>/opt/intel/compilers_and_libraries_2017.4.196/linux/compiler/lib/intel64/libiomp5.so</arg>
  <severity>INFO</severity>
  <timestamp>Thu Jul  6 17:51:50 2017</timestamp>
</msg>
<msg id="28" tool="tc">
  <type>UNLOAD_MODULE</type>
  <arg>/lib64/libmemkind.so.0</arg>
  <severity>INFO</severity>
  <timestamp>Thu Jul  6 17:51:50 2017</timestamp>
</msg>
<msg id="29" tool="tc">
  <type>UNLOAD_MODULE</type>
  <arg>/lib64/libstdc++.so.6</arg>
  <severity>INFO</severity>
  <timestamp>Thu Jul  6 17:51:50 2017</timestamp>
</msg>
<msg id="30" tool="tc">
  <type>UNLOAD_MODULE</type>
  <arg>/lib64/libgcc_s.so.1</arg>
  <severity>INFO</severity>
  <timestamp>Thu Jul  6 17:51:50 2017</timestamp>
</msg>
<msg id="31" tool="tc">
  <type>UNLOAD_MODULE</type>
  <arg>/lib64/libpthread.so.0</arg>
  <severity>INFO</severity>
  <timestamp>Thu Jul  6 17:51:50 2017</timestamp>
</msg>
<msg id="32" tool="tc">
  <type>UNLOAD_MODULE</type>
  <arg>/lib64/libc.so.6</arg>
  <severity>INFO</severity>
  <timestamp>Thu Jul  6 17:51:50 2017</timestamp>
</msg>
<msg id="33" tool="tc">
  <type>UNLOAD_MODULE</type>
  <arg>/lib64/libdl.so.2</arg>
  <severity>INFO</severity>
  <timestamp>Thu Jul  6 17:51:50 2017</timestamp>
</msg>
<msg id="34" tool="tc">
  <type>UNLOAD_MODULE</type>
  <arg>/lib64/libnuma.so.1</arg>
  <severity>INFO</severity>
  <timestamp>Thu Jul  6 17:51:50 2017</timestamp>
</msg>
<msg id="35" tool="tc">
  <type>UNLOAD_MODULE</type>
  <arg>/opt/intel/advisor_2017.1.3.510716/lib64/runtime/libittnotify.so</arg>
  <severity>INFO</severity>
  <timestamp>Thu Jul  6 17:51:50 2017</timestamp>
</msg>
<msg id="36" tool="tc">
  <type>PROCESS_TERMINATE</type>
  <arg>/home/AstroVPK/code/intelShootout/c++/sfComp/sfComp</arg>
  <arg>23904</arg>
  <severity>INFO</severity>
  <timestamp>Thu Jul  6 17:51:50 2017</timestamp>
</msg>
<msg id="37" tool="tc">
  <type>ANALYSIS_COMPLETE</type>
  <severity>INFO</severity>
  <timestamp>Thu Jul  6 17:51:50 2017</timestamp>
</msg>
<msg id="38" tool="tc">
  <type>STOP</type>
  <severity>INFO</severity>
  <timestamp>Thu Jul  6 17:51:50 2017</timestamp>
</msg>
<msg id="39" tool="runtool">
  <type>app-exit-code</type>
  <arg>0</arg>
</msg>
<msg id="40" tool="runtool">
  <type>marker-file</type>
  <arg>/home/AstroVPK/Documents/sfComp/e000/mp000/mp000.advixe</arg>
</msg>
<msg id="41" tool="runtool">
  <type>collector-done</type>
</msg>
<msg id="42" tool="runtool">
  <type>log-end</type>
  <arg>2017/07/06 17:51:54</arg>
</msg>

</log>

